\BOOKMARK [0][-]{chapter.1}{Classification}{}% 1
\BOOKMARK [1][-]{section.1.1}{Res2Net: A New Multi-scale Backbone Architecture, arxiv, 2019.}{chapter.1}% 2
\BOOKMARK [0][-]{chapter.2}{Object Detection}{}% 3
\BOOKMARK [1][-]{section.2.1}{Proposal}{chapter.2}% 4
\BOOKMARK [2][-]{subsection.2.1.1}{Multiscale Combinatorial Grouping for Image Segmentation and Object Proposal Generation. TPAMI, 2016}{section.2.1}% 5
\BOOKMARK [1][-]{section.2.2}{What Object Should I Use? - Task Driven Object Detection. CVPR, 2019.}{chapter.2}% 6
\BOOKMARK [1][-]{section.2.3}{Feature Pyramid Networks for Object Detection. CVPR, 2017.}{chapter.2}% 7
\BOOKMARK [1][-]{section.2.4}{Focal Loss for Dense Object Detection. ICCV, 2017}{chapter.2}% 8
\BOOKMARK [0][-]{chapter.3}{Salient Object Detection}{}% 9
\BOOKMARK [1][-]{section.3.1}{DNA: Deeply-supervised Nonlinear Aggregation for Salient Object Detection. arxiv, 2019.}{chapter.3}% 10
\BOOKMARK [1][-]{section.3.2}{Instance-Level Salient Object Segmentation. CVPR, 2017.}{chapter.3}% 11
\BOOKMARK [1][-]{section.3.3}{Semantic Instance Meets Salient Object: Study on Video Semantic Salient Instance Segmentation. WACV, 2019.}{chapter.3}% 12
\BOOKMARK [1][-]{section.3.4}{A Simple Pooling-Based Design for Real-Time Salient Object Detection. CVPR, 2019}{chapter.3}% 13
\BOOKMARK [1][-]{section.3.5}{S4Net: Single Stage Salient-Instance Segmentation. CVPR, 2019.}{chapter.3}% 14
\BOOKMARK [1][-]{section.3.6}{Contrast Prior and Fluid Pyramid Integration for RGBD Salient Object Detection. CVPR, 2019}{chapter.3}% 15
\BOOKMARK [0][-]{chapter.4}{Semantic Segmentation}{}% 16
\BOOKMARK [1][-]{section.4.1}{WebSeg: Learning Semantic Segmentation from Web Searches. arxiv, 2018.}{chapter.4}% 17
\BOOKMARK [1][-]{section.4.2}{ADVENT: Adversarial Entropy Minimization for Domain Adaptation in Semantic Segmentation. CVPR, 2019.}{chapter.4}% 18
\BOOKMARK [0][-]{chapter.5}{Others}{}% 19
\BOOKMARK [1][-]{section.5.1}{Single Image Haze Removal Using Dark Channel Prior. CVPR, 2009. Best paper.}{chapter.5}% 20
\BOOKMARK [1][-]{section.5.2}{Single Image Dehazing Using Ranking Convolutional Neural Network. TMM, 2018.}{chapter.5}% 21
